<?xml version="1.0" encoding="UTF-8"?>
<!-- Generated by org.testng.reporters.JUnitReportReporter -->
<testsuite hostname="Anand" failures="0" tests="1" name="Testdata.logintest" time="28.836" errors="0" timestamp="2022-07-30T22:57:53 IST" skipped="0">
  <testcase classname="Testdata.logintest" name="Test_001" time="28.836"/>
  <system-out/>
</testsuite> <!-- Testdata.logintest -->
